<?xml version="1.0" encoding="UTF-8"?>
<testng-results ignored="0" total="116" passed="115" failed="1" skipped="0">
  <reporter-output>
  </reporter-output>
  <suite started-at="2021-07-26T12:01:12 IST" name="Test automation suite for google" finished-at="2021-07-26T12:01:34 IST" duration-ms="22159">
    <groups>
      <group name="Link Test">
        <method signature="GoogleTest.mailLinkTest()[pri:3, instance:com.test.GoogleTest@778d1062]" name="mailLinkTest" class="com.test.GoogleTest"/>
      </group> <!-- Link Test -->
      <group name="Title">
        <method signature="GoogleTest.googleTitleTest()[pri:1, instance:com.test.GoogleTest@778d1062]" name="googleTitleTest" class="com.test.GoogleTest"/>
      </group> <!-- Title -->
      <group name="Sample Test">
        <method signature="GoogleTest.test1()[pri:4, instance:com.test.GoogleTest@778d1062]" name="test1" class="com.test.GoogleTest"/>
        <method signature="GoogleTest.test2()[pri:5, instance:com.test.GoogleTest@778d1062]" name="test2" class="com.test.GoogleTest"/>
        <method signature="GoogleTest.test3()[pri:6, instance:com.test.GoogleTest@778d1062]" name="test3" class="com.test.GoogleTest"/>
      </group> <!-- Sample Test -->
      <group name="Logo">
        <method signature="GoogleTest.googleLogoTest()[pri:2, instance:com.test.GoogleTest@778d1062]" name="googleLogoTest" class="com.test.GoogleTest"/>
      </group> <!-- Logo -->
    </groups>
    <test started-at="2021-07-26T12:01:12 IST" name="Testng features test" finished-at="2021-07-26T12:01:34 IST" duration-ms="22159">
      <class name="com.test.GoogleTest">
        <test-method is-config="true" signature="setUp()[pri:0, instance:com.test.GoogleTest@778d1062]" started-at="2021-07-26T12:01:12 IST" name="setUp" finished-at="2021-07-26T12:01:15 IST" duration-ms="3044" status="PASS">
          <reporter-output>
          </reporter-output>
        </test-method> <!-- setUp -->
        <test-method signature="googleTitleTest()[pri:1, instance:com.test.GoogleTest@778d1062]" started-at="2021-07-26T12:01:15 IST" name="googleTitleTest" finished-at="2021-07-26T12:01:15 IST" duration-ms="11" status="PASS">
          <reporter-output>
          </reporter-output>
        </test-method> <!-- googleTitleTest -->
        <test-method is-config="true" signature="tearDown()[pri:0, instance:com.test.GoogleTest@778d1062]" started-at="2021-07-26T12:01:15 IST" name="tearDown" finished-at="2021-07-26T12:01:15 IST" duration-ms="294" status="PASS">
          <reporter-output>
          </reporter-output>
        </test-method> <!-- tearDown -->
        <test-method is-config="true" signature="setUp()[pri:0, instance:com.test.GoogleTest@778d1062]" started-at="2021-07-26T12:01:15 IST" name="setUp" finished-at="2021-07-26T12:01:18 IST" duration-ms="2197" status="PASS">
          <reporter-output>
          </reporter-output>
        </test-method> <!-- setUp -->
        <test-method signature="googleLogoTest()[pri:2, instance:com.test.GoogleTest@778d1062]" started-at="2021-07-26T12:01:18 IST" name="googleLogoTest" finished-at="2021-07-26T12:01:18 IST" duration-ms="60" status="PASS">
          <reporter-output>
          </reporter-output>
        </test-method> <!-- googleLogoTest -->
        <test-method is-config="true" signature="tearDown()[pri:0, instance:com.test.GoogleTest@778d1062]" started-at="2021-07-26T12:01:18 IST" name="tearDown" finished-at="2021-07-26T12:01:18 IST" duration-ms="197" status="PASS">
          <reporter-output>
          </reporter-output>
        </test-method> <!-- tearDown -->
        <test-method is-config="true" signature="setUp()[pri:0, instance:com.test.GoogleTest@778d1062]" started-at="2021-07-26T12:01:18 IST" name="setUp" finished-at="2021-07-26T12:01:20 IST" duration-ms="2477" status="PASS">
          <reporter-output>
          </reporter-output>
        </test-method> <!-- setUp -->
        <test-method signature="mailLinkTest()[pri:3, instance:com.test.GoogleTest@778d1062]" started-at="2021-07-26T12:01:20 IST" name="mailLinkTest" finished-at="2021-07-26T12:01:20 IST" duration-ms="38" status="FAIL">
          <exception class="org.openqa.selenium.NoSuchElementException">
            <message>
              <![CDATA[no such element: Unable to locate element: {"method":"link text","selector":"mail"}
  (Session info: chrome=92.0.4515.107)
For documentation on this error, please visit: https://www.seleniumhq.org/exceptions/no_such_element.html
Build info: version: '3.141.59', revision: 'e82be7d358', time: '2018-11-14T08:25:53'
System info: host: 'SUBZERO', ip: '172.27.208.1', os.name: 'Windows 10', os.arch: 'amd64', os.version: '10.0', java.version: '16.0.1'
Driver info: org.openqa.selenium.chrome.ChromeDriver
Capabilities {acceptInsecureCerts: false, browserName: chrome, browserVersion: 92.0.4515.107, chrome: {chromedriverVersion: 91.0.4472.101 (af52a90bf870..., userDataDir: C:\Users\blver\AppData\Loca...}, goog:chromeOptions: {debuggerAddress: localhost:60262}, javascriptEnabled: true, networkConnectionEnabled: false, pageLoadStrategy: normal, platform: WINDOWS, platformName: WINDOWS, proxy: Proxy(), setWindowRect: true, strictFileInteractability: false, timeouts: {implicit: 0, pageLoad: 300000, script: 30000}, unhandledPromptBehavior: dismiss and notify, webauthn:extension:largeBlob: true, webauthn:virtualAuthenticators: true}
Session ID: 5008461ae9c6e2f6bd23888fa0a29438
*** Element info: {Using=link text, value=mail}]]>
            </message>
            <full-stacktrace>
              <![CDATA[org.openqa.selenium.NoSuchElementException: no such element: Unable to locate element: {"method":"link text","selector":"mail"}
  (Session info: chrome=92.0.4515.107)
For documentation on this error, please visit: https://www.seleniumhq.org/exceptions/no_such_element.html
Build info: version: '3.141.59', revision: 'e82be7d358', time: '2018-11-14T08:25:53'
System info: host: 'SUBZERO', ip: '172.27.208.1', os.name: 'Windows 10', os.arch: 'amd64', os.version: '10.0', java.version: '16.0.1'
Driver info: org.openqa.selenium.chrome.ChromeDriver
Capabilities {acceptInsecureCerts: false, browserName: chrome, browserVersion: 92.0.4515.107, chrome: {chromedriverVersion: 91.0.4472.101 (af52a90bf870..., userDataDir: C:\Users\blver\AppData\Loca...}, goog:chromeOptions: {debuggerAddress: localhost:60262}, javascriptEnabled: true, networkConnectionEnabled: false, pageLoadStrategy: normal, platform: WINDOWS, platformName: WINDOWS, proxy: Proxy(), setWindowRect: true, strictFileInteractability: false, timeouts: {implicit: 0, pageLoad: 300000, script: 30000}, unhandledPromptBehavior: dismiss and notify, webauthn:extension:largeBlob: true, webauthn:virtualAuthenticators: true}
Session ID: 5008461ae9c6e2f6bd23888fa0a29438
*** Element info: {Using=link text, value=mail}
at java.base/jdk.internal.reflect.NativeConstructorAccessorImpl.newInstance0(Native Method)
at java.base/jdk.internal.reflect.NativeConstructorAccessorImpl.newInstance(NativeConstructorAccessorImpl.java:78)
at java.base/jdk.internal.reflect.DelegatingConstructorAccessorImpl.newInstance(DelegatingConstructorAccessorImpl.java:45)
at java.base/java.lang.reflect.Constructor.newInstanceWithCaller(Constructor.java:499)
at java.base/java.lang.reflect.Constructor.newInstance(Constructor.java:480)
at org.openqa.selenium.remote.http.W3CHttpResponseCodec.createException(W3CHttpResponseCodec.java:187)
at org.openqa.selenium.remote.http.W3CHttpResponseCodec.decode(W3CHttpResponseCodec.java:122)
at org.openqa.selenium.remote.http.W3CHttpResponseCodec.decode(W3CHttpResponseCodec.java:49)
at org.openqa.selenium.remote.HttpCommandExecutor.execute(HttpCommandExecutor.java:158)
at org.openqa.selenium.remote.service.DriverCommandExecutor.execute(DriverCommandExecutor.java:83)
at org.openqa.selenium.remote.RemoteWebDriver.execute(RemoteWebDriver.java:552)
at org.openqa.selenium.remote.RemoteWebDriver.findElement(RemoteWebDriver.java:323)
at org.openqa.selenium.remote.RemoteWebDriver.findElementByLinkText(RemoteWebDriver.java:380)
at org.openqa.selenium.By$ByLinkText.findElement(By.java:220)
at org.openqa.selenium.remote.RemoteWebDriver.findElement(RemoteWebDriver.java:315)
at com.test.GoogleTest.mailLinkTest(GoogleTest.java:38)
at java.base/jdk.internal.reflect.NativeMethodAccessorImpl.invoke0(Native Method)
at java.base/jdk.internal.reflect.NativeMethodAccessorImpl.invoke(NativeMethodAccessorImpl.java:78)
at java.base/jdk.internal.reflect.DelegatingMethodAccessorImpl.invoke(DelegatingMethodAccessorImpl.java:43)
at java.base/java.lang.reflect.Method.invoke(Method.java:567)
at org.testng.internal.MethodInvocationHelper.invokeMethod(MethodInvocationHelper.java:133)
at org.testng.internal.TestInvoker.invokeMethod(TestInvoker.java:598)
at org.testng.internal.TestInvoker.invokeTestMethod(TestInvoker.java:173)
at org.testng.internal.MethodRunner.runInSequence(MethodRunner.java:46)
at org.testng.internal.TestInvoker$MethodInvocationAgent.invoke(TestInvoker.java:824)
at org.testng.internal.TestInvoker.invokeTestMethods(TestInvoker.java:146)
at org.testng.internal.TestMethodWorker.invokeTestMethods(TestMethodWorker.java:146)
at org.testng.internal.TestMethodWorker.run(TestMethodWorker.java:128)
at java.base/java.util.ArrayList.forEach(ArrayList.java:1511)
at org.testng.TestRunner.privateRun(TestRunner.java:794)
at org.testng.TestRunner.run(TestRunner.java:596)
at org.testng.SuiteRunner.runTest(SuiteRunner.java:377)
at org.testng.SuiteRunner.runSequentially(SuiteRunner.java:371)
at org.testng.SuiteRunner.privateRun(SuiteRunner.java:332)
at org.testng.SuiteRunner.run(SuiteRunner.java:276)
at org.testng.SuiteRunnerWorker.runSuite(SuiteRunnerWorker.java:53)
at org.testng.SuiteRunnerWorker.run(SuiteRunnerWorker.java:96)
at org.testng.TestNG.runSuitesSequentially(TestNG.java:1212)
at org.testng.TestNG.runSuitesLocally(TestNG.java:1134)
at org.testng.TestNG.runSuites(TestNG.java:1063)
at org.testng.TestNG.run(TestNG.java:1031)
at org.testng.remote.AbstractRemoteTestNG.run(AbstractRemoteTestNG.java:115)
at org.testng.remote.RemoteTestNG.initAndRun(RemoteTestNG.java:251)
at org.testng.remote.RemoteTestNG.main(RemoteTestNG.java:77)
]]>
            </full-stacktrace>
          </exception> <!-- org.openqa.selenium.NoSuchElementException -->
          <reporter-output>
          </reporter-output>
        </test-method> <!-- mailLinkTest -->
        <test-method is-config="true" signature="tearDown()[pri:0, instance:com.test.GoogleTest@778d1062]" started-at="2021-07-26T12:01:20 IST" name="tearDown" finished-at="2021-07-26T12:01:21 IST" duration-ms="215" status="PASS">
          <reporter-output>
          </reporter-output>
        </test-method> <!-- tearDown -->
        <test-method is-config="true" signature="setUp()[pri:0, instance:com.test.GoogleTest@778d1062]" started-at="2021-07-26T12:01:21 IST" name="setUp" finished-at="2021-07-26T12:01:23 IST" duration-ms="2699" status="PASS">
          <reporter-output>
          </reporter-output>
        </test-method> <!-- setUp -->
        <test-method signature="test1()[pri:4, instance:com.test.GoogleTest@778d1062]" started-at="2021-07-26T12:01:23 IST" name="test1" finished-at="2021-07-26T12:01:23 IST" duration-ms="1" status="PASS">
          <reporter-output>
          </reporter-output>
        </test-method> <!-- test1 -->
        <test-method is-config="true" signature="tearDown()[pri:0, instance:com.test.GoogleTest@778d1062]" started-at="2021-07-26T12:01:23 IST" name="tearDown" finished-at="2021-07-26T12:01:23 IST" duration-ms="194" status="PASS">
          <reporter-output>
          </reporter-output>
        </test-method> <!-- tearDown -->
        <test-method is-config="true" signature="setUp()[pri:0, instance:com.test.GoogleTest@778d1062]" started-at="2021-07-26T12:01:23 IST" name="setUp" finished-at="2021-07-26T12:01:26 IST" duration-ms="2192" status="PASS">
          <reporter-output>
          </reporter-output>
        </test-method> <!-- setUp -->
        <test-method signature="test2()[pri:5, instance:com.test.GoogleTest@778d1062]" started-at="2021-07-26T12:01:26 IST" name="test2" finished-at="2021-07-26T12:01:26 IST" duration-ms="1" status="PASS">
          <reporter-output>
          </reporter-output>
        </test-method> <!-- test2 -->
        <test-method is-config="true" signature="tearDown()[pri:0, instance:com.test.GoogleTest@778d1062]" started-at="2021-07-26T12:01:26 IST" name="tearDown" finished-at="2021-07-26T12:01:26 IST" duration-ms="185" status="PASS">
          <reporter-output>
          </reporter-output>
        </test-method> <!-- tearDown -->
        <test-method is-config="true" signature="setUp()[pri:0, instance:com.test.GoogleTest@778d1062]" started-at="2021-07-26T12:01:26 IST" name="setUp" finished-at="2021-07-26T12:01:29 IST" duration-ms="3008" status="PASS">
          <reporter-output>
          </reporter-output>
        </test-method> <!-- setUp -->
        <test-method signature="test3()[pri:6, instance:com.test.GoogleTest@778d1062]" started-at="2021-07-26T12:01:29 IST" name="test3" finished-at="2021-07-26T12:01:29 IST" duration-ms="1" status="PASS">
          <reporter-output>
          </reporter-output>
        </test-method> <!-- test3 -->
        <test-method is-config="true" signature="tearDown()[pri:0, instance:com.test.GoogleTest@778d1062]" started-at="2021-07-26T12:01:29 IST" name="tearDown" finished-at="2021-07-26T12:01:29 IST" duration-ms="185" status="PASS">
          <reporter-output>
          </reporter-output>
        </test-method> <!-- tearDown -->
      </class> <!-- com.test.GoogleTest -->
      <class name="com.test.TestNGbasics">
        <test-method is-config="true" signature="setUp()[pri:0, instance:com.test.TestNGbasics@76908cc0]" started-at="2021-07-26T12:01:12 IST" name="setUp" finished-at="2021-07-26T12:01:12 IST" duration-ms="7" status="PASS">
          <reporter-output>
          </reporter-output>
        </test-method> <!-- setUp -->
        <test-method is-config="true" signature="launchBrowser()[pri:0, instance:com.test.TestNGbasics@76908cc0]" started-at="2021-07-26T12:01:12 IST" name="launchBrowser" finished-at="2021-07-26T12:01:12 IST" duration-ms="1" status="PASS">
          <reporter-output>
          </reporter-output>
        </test-method> <!-- launchBrowser -->
        <test-method is-config="true" signature="enterURL()[pri:0, instance:com.test.TestNGbasics@76908cc0]" started-at="2021-07-26T12:01:34 IST" name="enterURL" finished-at="2021-07-26T12:01:34 IST" duration-ms="1" status="PASS">
          <reporter-output>
          </reporter-output>
        </test-method> <!-- enterURL -->
        <test-method is-config="true" signature="login()[pri:0, instance:com.test.TestNGbasics@76908cc0]" started-at="2021-07-26T12:01:34 IST" name="login" finished-at="2021-07-26T12:01:34 IST" duration-ms="1" status="PASS">
          <reporter-output>
          </reporter-output>
        </test-method> <!-- login -->
        <test-method signature="googleLogoTest()[pri:0, instance:com.test.TestNGbasics@76908cc0]" started-at="2021-07-26T12:01:34 IST" name="googleLogoTest" finished-at="2021-07-26T12:01:34 IST" duration-ms="1" status="PASS">
          <reporter-output>
          </reporter-output>
        </test-method> <!-- googleLogoTest -->
        <test-method is-config="true" signature="logOut()[pri:0, instance:com.test.TestNGbasics@76908cc0]" started-at="2021-07-26T12:01:34 IST" name="logOut" finished-at="2021-07-26T12:01:34 IST" duration-ms="0" status="PASS">
          <reporter-output>
          </reporter-output>
        </test-method> <!-- logOut -->
        <test-method signature="googleTitleTest()[pri:0, instance:com.test.TestNGbasics@76908cc0]" started-at="2021-07-26T12:01:34 IST" name="googleTitleTest" finished-at="2021-07-26T12:01:34 IST" duration-ms="1" status="PASS">
          <reporter-output>
          </reporter-output>
        </test-method> <!-- googleTitleTest -->
        <test-method is-config="true" signature="login()[pri:0, instance:com.test.TestNGbasics@76908cc0]" started-at="2021-07-26T12:01:34 IST" name="login" finished-at="2021-07-26T12:01:34 IST" duration-ms="0" status="PASS">
          <reporter-output>
          </reporter-output>
        </test-method> <!-- login -->
        <test-method is-config="true" signature="logOut()[pri:0, instance:com.test.TestNGbasics@76908cc0]" started-at="2021-07-26T12:01:34 IST" name="logOut" finished-at="2021-07-26T12:01:34 IST" duration-ms="0" status="PASS">
          <reporter-output>
          </reporter-output>
        </test-method> <!-- logOut -->
        <test-method is-config="true" signature="login()[pri:0, instance:com.test.TestNGbasics@76908cc0]" started-at="2021-07-26T12:01:34 IST" name="login" finished-at="2021-07-26T12:01:34 IST" duration-ms="2" status="PASS">
          <reporter-output>
          </reporter-output>
        </test-method> <!-- login -->
        <test-method signature="searchTest()[pri:0, instance:com.test.TestNGbasics@76908cc0]" started-at="2021-07-26T12:01:34 IST" name="searchTest" finished-at="2021-07-26T12:01:34 IST" duration-ms="1" status="PASS">
          <reporter-output>
          </reporter-output>
        </test-method> <!-- searchTest -->
        <test-method is-config="true" signature="logOut()[pri:0, instance:com.test.TestNGbasics@76908cc0]" started-at="2021-07-26T12:01:34 IST" name="logOut" finished-at="2021-07-26T12:01:34 IST" duration-ms="0" status="PASS">
          <reporter-output>
          </reporter-output>
        </test-method> <!-- logOut -->
        <test-method is-config="true" signature="deleteAllCookies()[pri:0, instance:com.test.TestNGbasics@76908cc0]" started-at="2021-07-26T12:01:34 IST" name="deleteAllCookies" finished-at="2021-07-26T12:01:34 IST" duration-ms="0" status="PASS">
          <reporter-output>
          </reporter-output>
        </test-method> <!-- deleteAllCookies -->
        <test-method is-config="true" signature="closeBrowser()[pri:0, instance:com.test.TestNGbasics@76908cc0]" started-at="2021-07-26T12:01:34 IST" name="closeBrowser" finished-at="2021-07-26T12:01:34 IST" duration-ms="0" status="PASS">
          <reporter-output>
          </reporter-output>
        </test-method> <!-- closeBrowser -->
        <test-method is-config="true" signature="generateTestReport()[pri:0, instance:com.test.TestNGbasics@76908cc0]" started-at="2021-07-26T12:01:34 IST" name="generateTestReport" finished-at="2021-07-26T12:01:34 IST" duration-ms="0" status="PASS">
          <reporter-output>
          </reporter-output>
        </test-method> <!-- generateTestReport -->
      </class> <!-- com.test.TestNGbasics -->
      <class name="com.test.GoogleTitleTest">
        <test-method is-config="true" signature="setUp()[pri:0, instance:com.test.GoogleTitleTest@5be6e01c]" started-at="2021-07-26T12:01:29 IST" name="setUp" finished-at="2021-07-26T12:01:31 IST" duration-ms="2196" status="PASS">
          <reporter-output>
          </reporter-output>
        </test-method> <!-- setUp -->
        <test-method signature="googleTitleTest()[pri:1, instance:com.test.GoogleTitleTest@5be6e01c]" started-at="2021-07-26T12:01:31 IST" name="googleTitleTest" finished-at="2021-07-26T12:01:31 IST" duration-ms="10" status="PASS">
          <reporter-output>
          </reporter-output>
        </test-method> <!-- googleTitleTest -->
        <test-method is-config="true" signature="tearDown()[pri:0, instance:com.test.GoogleTitleTest@5be6e01c]" started-at="2021-07-26T12:01:31 IST" name="tearDown" finished-at="2021-07-26T12:01:31 IST" duration-ms="179" status="PASS">
          <reporter-output>
          </reporter-output>
        </test-method> <!-- tearDown -->
        <test-method is-config="true" signature="setUp()[pri:0, instance:com.test.GoogleTitleTest@5be6e01c]" started-at="2021-07-26T12:01:31 IST" name="setUp" finished-at="2021-07-26T12:01:34 IST" duration-ms="2087" status="PASS">
          <reporter-output>
          </reporter-output>
        </test-method> <!-- setUp -->
        <test-method signature="googleLogoTest()[pri:2, instance:com.test.GoogleTitleTest@5be6e01c]" started-at="2021-07-26T12:01:34 IST" name="googleLogoTest" finished-at="2021-07-26T12:01:34 IST" duration-ms="152" status="PASS">
          <reporter-output>
          </reporter-output>
        </test-method> <!-- googleLogoTest -->
        <test-method is-config="true" signature="tearDown()[pri:0, instance:com.test.GoogleTitleTest@5be6e01c]" started-at="2021-07-26T12:01:34 IST" name="tearDown" finished-at="2021-07-26T12:01:34 IST" duration-ms="168" status="PASS">
          <reporter-output>
          </reporter-output>
        </test-method> <!-- tearDown -->
      </class> <!-- com.test.GoogleTitleTest -->
      <class name="com.test.TestNGFeatures">
        <test-method signature="loginTest()[pri:0, instance:com.test.TestNGFeatures@49b0b76]" started-at="2021-07-26T12:01:34 IST" name="loginTest" finished-at="2021-07-26T12:01:34 IST" duration-ms="1" status="PASS">
          <reporter-output>
          </reporter-output>
        </test-method> <!-- loginTest -->
        <test-method signature="homePageTest()[pri:0, instance:com.test.TestNGFeatures@49b0b76]" started-at="2021-07-26T12:01:34 IST" name="homePageTest" finished-at="2021-07-26T12:01:34 IST" depends-on-methods="com.test.TestNGFeatures.loginTest" duration-ms="1" status="PASS">
          <reporter-output>
          </reporter-output>
        </test-method> <!-- homePageTest -->
        <test-method signature="regPageTest()[pri:0, instance:com.test.TestNGFeatures@49b0b76]" started-at="2021-07-26T12:01:34 IST" name="regPageTest" finished-at="2021-07-26T12:01:34 IST" depends-on-methods="com.test.TestNGFeatures.loginTest" duration-ms="10" status="PASS">
          <reporter-output>
          </reporter-output>
        </test-method> <!-- regPageTest -->
        <test-method signature="searchPageTest()[pri:0, instance:com.test.TestNGFeatures@49b0b76]" started-at="2021-07-26T12:01:34 IST" name="searchPageTest" finished-at="2021-07-26T12:01:34 IST" depends-on-methods="com.test.TestNGFeatures.loginTest" duration-ms="1" status="PASS">
          <reporter-output>
          </reporter-output>
        </test-method> <!-- searchPageTest -->
      </class> <!-- com.test.TestNGFeatures -->
      <class name="com.test.InvocationCountTest">
        <test-method signature="sum()[pri:0, instance:com.test.InvocationCountTest@1c93084c]" started-at="2021-07-26T12:01:34 IST" name="sum" finished-at="2021-07-26T12:01:34 IST" duration-ms="0" status="PASS">
          <reporter-output>
          </reporter-output>
        </test-method> <!-- sum -->
        <test-method signature="sum()[pri:0, instance:com.test.InvocationCountTest@1c93084c]" started-at="2021-07-26T12:01:34 IST" name="sum" finished-at="2021-07-26T12:01:34 IST" duration-ms="1" status="PASS">
          <reporter-output>
          </reporter-output>
        </test-method> <!-- sum -->
        <test-method signature="sum()[pri:0, instance:com.test.InvocationCountTest@1c93084c]" started-at="2021-07-26T12:01:34 IST" name="sum" finished-at="2021-07-26T12:01:34 IST" duration-ms="1" status="PASS">
          <reporter-output>
          </reporter-output>
        </test-method> <!-- sum -->
        <test-method signature="sum()[pri:0, instance:com.test.InvocationCountTest@1c93084c]" started-at="2021-07-26T12:01:34 IST" name="sum" finished-at="2021-07-26T12:01:34 IST" duration-ms="1" status="PASS">
          <reporter-output>
          </reporter-output>
        </test-method> <!-- sum -->
        <test-method signature="sum()[pri:0, instance:com.test.InvocationCountTest@1c93084c]" started-at="2021-07-26T12:01:34 IST" name="sum" finished-at="2021-07-26T12:01:34 IST" duration-ms="1" status="PASS">
          <reporter-output>
          </reporter-output>
        </test-method> <!-- sum -->
        <test-method signature="sum()[pri:0, instance:com.test.InvocationCountTest@1c93084c]" started-at="2021-07-26T12:01:34 IST" name="sum" finished-at="2021-07-26T12:01:34 IST" duration-ms="2" status="PASS">
          <reporter-output>
          </reporter-output>
        </test-method> <!-- sum -->
        <test-method signature="sum()[pri:0, instance:com.test.InvocationCountTest@1c93084c]" started-at="2021-07-26T12:01:34 IST" name="sum" finished-at="2021-07-26T12:01:34 IST" duration-ms="1" status="PASS">
          <reporter-output>
          </reporter-output>
        </test-method> <!-- sum -->
        <test-method signature="sum()[pri:0, instance:com.test.InvocationCountTest@1c93084c]" started-at="2021-07-26T12:01:34 IST" name="sum" finished-at="2021-07-26T12:01:34 IST" duration-ms="1" status="PASS">
          <reporter-output>
          </reporter-output>
        </test-method> <!-- sum -->
        <test-method signature="sum()[pri:0, instance:com.test.InvocationCountTest@1c93084c]" started-at="2021-07-26T12:01:34 IST" name="sum" finished-at="2021-07-26T12:01:34 IST" duration-ms="3" status="PASS">
          <reporter-output>
          </reporter-output>
        </test-method> <!-- sum -->
        <test-method signature="sum()[pri:0, instance:com.test.InvocationCountTest@1c93084c]" started-at="2021-07-26T12:01:34 IST" name="sum" finished-at="2021-07-26T12:01:34 IST" duration-ms="1" status="PASS">
          <reporter-output>
          </reporter-output>
        </test-method> <!-- sum -->
        <test-method signature="sum()[pri:0, instance:com.test.InvocationCountTest@1c93084c]" started-at="2021-07-26T12:01:34 IST" name="sum" finished-at="2021-07-26T12:01:34 IST" duration-ms="1" status="PASS">
          <reporter-output>
          </reporter-output>
        </test-method> <!-- sum -->
        <test-method signature="sum()[pri:0, instance:com.test.InvocationCountTest@1c93084c]" started-at="2021-07-26T12:01:34 IST" name="sum" finished-at="2021-07-26T12:01:34 IST" duration-ms="4" status="PASS">
          <reporter-output>
          </reporter-output>
        </test-method> <!-- sum -->
        <test-method signature="sum()[pri:0, instance:com.test.InvocationCountTest@1c93084c]" started-at="2021-07-26T12:01:34 IST" name="sum" finished-at="2021-07-26T12:01:34 IST" duration-ms="1" status="PASS">
          <reporter-output>
          </reporter-output>
        </test-method> <!-- sum -->
        <test-method signature="sum()[pri:0, instance:com.test.InvocationCountTest@1c93084c]" started-at="2021-07-26T12:01:34 IST" name="sum" finished-at="2021-07-26T12:01:34 IST" duration-ms="2" status="PASS">
          <reporter-output>
          </reporter-output>
        </test-method> <!-- sum -->
        <test-method signature="sum()[pri:0, instance:com.test.InvocationCountTest@1c93084c]" started-at="2021-07-26T12:01:34 IST" name="sum" finished-at="2021-07-26T12:01:34 IST" duration-ms="1" status="PASS">
          <reporter-output>
          </reporter-output>
        </test-method> <!-- sum -->
        <test-method signature="sum()[pri:0, instance:com.test.InvocationCountTest@1c93084c]" started-at="2021-07-26T12:01:34 IST" name="sum" finished-at="2021-07-26T12:01:34 IST" duration-ms="2" status="PASS">
          <reporter-output>
          </reporter-output>
        </test-method> <!-- sum -->
        <test-method signature="sum()[pri:0, instance:com.test.InvocationCountTest@1c93084c]" started-at="2021-07-26T12:01:34 IST" name="sum" finished-at="2021-07-26T12:01:34 IST" duration-ms="1" status="PASS">
          <reporter-output>
          </reporter-output>
        </test-method> <!-- sum -->
        <test-method signature="sum()[pri:0, instance:com.test.InvocationCountTest@1c93084c]" started-at="2021-07-26T12:01:34 IST" name="sum" finished-at="2021-07-26T12:01:34 IST" duration-ms="0" status="PASS">
          <reporter-output>
          </reporter-output>
        </test-method> <!-- sum -->
        <test-method signature="sum()[pri:0, instance:com.test.InvocationCountTest@1c93084c]" started-at="2021-07-26T12:01:34 IST" name="sum" finished-at="2021-07-26T12:01:34 IST" duration-ms="1" status="PASS">
          <reporter-output>
          </reporter-output>
        </test-method> <!-- sum -->
        <test-method signature="sum()[pri:0, instance:com.test.InvocationCountTest@1c93084c]" started-at="2021-07-26T12:01:34 IST" name="sum" finished-at="2021-07-26T12:01:34 IST" duration-ms="1" status="PASS">
          <reporter-output>
          </reporter-output>
        </test-method> <!-- sum -->
        <test-method signature="sum()[pri:0, instance:com.test.InvocationCountTest@1c93084c]" started-at="2021-07-26T12:01:34 IST" name="sum" finished-at="2021-07-26T12:01:34 IST" duration-ms="1" status="PASS">
          <reporter-output>
          </reporter-output>
        </test-method> <!-- sum -->
        <test-method signature="sum()[pri:0, instance:com.test.InvocationCountTest@1c93084c]" started-at="2021-07-26T12:01:34 IST" name="sum" finished-at="2021-07-26T12:01:34 IST" duration-ms="1" status="PASS">
          <reporter-output>
          </reporter-output>
        </test-method> <!-- sum -->
        <test-method signature="sum()[pri:0, instance:com.test.InvocationCountTest@1c93084c]" started-at="2021-07-26T12:01:34 IST" name="sum" finished-at="2021-07-26T12:01:34 IST" duration-ms="1" status="PASS">
          <reporter-output>
          </reporter-output>
        </test-method> <!-- sum -->
        <test-method signature="sum()[pri:0, instance:com.test.InvocationCountTest@1c93084c]" started-at="2021-07-26T12:01:34 IST" name="sum" finished-at="2021-07-26T12:01:34 IST" duration-ms="2" status="PASS">
          <reporter-output>
          </reporter-output>
        </test-method> <!-- sum -->
        <test-method signature="sum()[pri:0, instance:com.test.InvocationCountTest@1c93084c]" started-at="2021-07-26T12:01:34 IST" name="sum" finished-at="2021-07-26T12:01:34 IST" duration-ms="1" status="PASS">
          <reporter-output>
          </reporter-output>
        </test-method> <!-- sum -->
        <test-method signature="sum()[pri:0, instance:com.test.InvocationCountTest@1c93084c]" started-at="2021-07-26T12:01:34 IST" name="sum" finished-at="2021-07-26T12:01:34 IST" duration-ms="3" status="PASS">
          <reporter-output>
          </reporter-output>
        </test-method> <!-- sum -->
        <test-method signature="sum()[pri:0, instance:com.test.InvocationCountTest@1c93084c]" started-at="2021-07-26T12:01:34 IST" name="sum" finished-at="2021-07-26T12:01:34 IST" duration-ms="1" status="PASS">
          <reporter-output>
          </reporter-output>
        </test-method> <!-- sum -->
        <test-method signature="sum()[pri:0, instance:com.test.InvocationCountTest@1c93084c]" started-at="2021-07-26T12:01:34 IST" name="sum" finished-at="2021-07-26T12:01:34 IST" duration-ms="1" status="PASS">
          <reporter-output>
          </reporter-output>
        </test-method> <!-- sum -->
        <test-method signature="sum()[pri:0, instance:com.test.InvocationCountTest@1c93084c]" started-at="2021-07-26T12:01:34 IST" name="sum" finished-at="2021-07-26T12:01:34 IST" duration-ms="4" status="PASS">
          <reporter-output>
          </reporter-output>
        </test-method> <!-- sum -->
        <test-method signature="sum()[pri:0, instance:com.test.InvocationCountTest@1c93084c]" started-at="2021-07-26T12:01:34 IST" name="sum" finished-at="2021-07-26T12:01:34 IST" duration-ms="1" status="PASS">
          <reporter-output>
          </reporter-output>
        </test-method> <!-- sum -->
        <test-method signature="sum()[pri:0, instance:com.test.InvocationCountTest@1c93084c]" started-at="2021-07-26T12:01:34 IST" name="sum" finished-at="2021-07-26T12:01:34 IST" duration-ms="1" status="PASS">
          <reporter-output>
          </reporter-output>
        </test-method> <!-- sum -->
        <test-method signature="sum()[pri:0, instance:com.test.InvocationCountTest@1c93084c]" started-at="2021-07-26T12:01:34 IST" name="sum" finished-at="2021-07-26T12:01:34 IST" duration-ms="1" status="PASS">
          <reporter-output>
          </reporter-output>
        </test-method> <!-- sum -->
        <test-method signature="sum()[pri:0, instance:com.test.InvocationCountTest@1c93084c]" started-at="2021-07-26T12:01:34 IST" name="sum" finished-at="2021-07-26T12:01:34 IST" duration-ms="1" status="PASS">
          <reporter-output>
          </reporter-output>
        </test-method> <!-- sum -->
        <test-method signature="sum()[pri:0, instance:com.test.InvocationCountTest@1c93084c]" started-at="2021-07-26T12:01:34 IST" name="sum" finished-at="2021-07-26T12:01:34 IST" duration-ms="1" status="PASS">
          <reporter-output>
          </reporter-output>
        </test-method> <!-- sum -->
        <test-method signature="sum()[pri:0, instance:com.test.InvocationCountTest@1c93084c]" started-at="2021-07-26T12:01:34 IST" name="sum" finished-at="2021-07-26T12:01:34 IST" duration-ms="1" status="PASS">
          <reporter-output>
          </reporter-output>
        </test-method> <!-- sum -->
        <test-method signature="sum()[pri:0, instance:com.test.InvocationCountTest@1c93084c]" started-at="2021-07-26T12:01:34 IST" name="sum" finished-at="2021-07-26T12:01:34 IST" duration-ms="1" status="PASS">
          <reporter-output>
          </reporter-output>
        </test-method> <!-- sum -->
        <test-method signature="sum()[pri:0, instance:com.test.InvocationCountTest@1c93084c]" started-at="2021-07-26T12:01:34 IST" name="sum" finished-at="2021-07-26T12:01:34 IST" duration-ms="1" status="PASS">
          <reporter-output>
          </reporter-output>
        </test-method> <!-- sum -->
        <test-method signature="sum()[pri:0, instance:com.test.InvocationCountTest@1c93084c]" started-at="2021-07-26T12:01:34 IST" name="sum" finished-at="2021-07-26T12:01:34 IST" duration-ms="2" status="PASS">
          <reporter-output>
          </reporter-output>
        </test-method> <!-- sum -->
        <test-method signature="sum()[pri:0, instance:com.test.InvocationCountTest@1c93084c]" started-at="2021-07-26T12:01:34 IST" name="sum" finished-at="2021-07-26T12:01:34 IST" duration-ms="1" status="PASS">
          <reporter-output>
          </reporter-output>
        </test-method> <!-- sum -->
        <test-method signature="sum()[pri:0, instance:com.test.InvocationCountTest@1c93084c]" started-at="2021-07-26T12:01:34 IST" name="sum" finished-at="2021-07-26T12:01:34 IST" duration-ms="0" status="PASS">
          <reporter-output>
          </reporter-output>
        </test-method> <!-- sum -->
        <test-method signature="sum()[pri:0, instance:com.test.InvocationCountTest@1c93084c]" started-at="2021-07-26T12:01:34 IST" name="sum" finished-at="2021-07-26T12:01:34 IST" duration-ms="0" status="PASS">
          <reporter-output>
          </reporter-output>
        </test-method> <!-- sum -->
        <test-method signature="sum()[pri:0, instance:com.test.InvocationCountTest@1c93084c]" started-at="2021-07-26T12:01:34 IST" name="sum" finished-at="2021-07-26T12:01:34 IST" duration-ms="1" status="PASS">
          <reporter-output>
          </reporter-output>
        </test-method> <!-- sum -->
        <test-method signature="sum()[pri:0, instance:com.test.InvocationCountTest@1c93084c]" started-at="2021-07-26T12:01:34 IST" name="sum" finished-at="2021-07-26T12:01:34 IST" duration-ms="2" status="PASS">
          <reporter-output>
          </reporter-output>
        </test-method> <!-- sum -->
        <test-method signature="sum()[pri:0, instance:com.test.InvocationCountTest@1c93084c]" started-at="2021-07-26T12:01:34 IST" name="sum" finished-at="2021-07-26T12:01:34 IST" duration-ms="0" status="PASS">
          <reporter-output>
          </reporter-output>
        </test-method> <!-- sum -->
        <test-method signature="sum()[pri:0, instance:com.test.InvocationCountTest@1c93084c]" started-at="2021-07-26T12:01:34 IST" name="sum" finished-at="2021-07-26T12:01:34 IST" duration-ms="1" status="PASS">
          <reporter-output>
          </reporter-output>
        </test-method> <!-- sum -->
        <test-method signature="sum()[pri:0, instance:com.test.InvocationCountTest@1c93084c]" started-at="2021-07-26T12:01:34 IST" name="sum" finished-at="2021-07-26T12:01:34 IST" duration-ms="1" status="PASS">
          <reporter-output>
          </reporter-output>
        </test-method> <!-- sum -->
        <test-method signature="sum()[pri:0, instance:com.test.InvocationCountTest@1c93084c]" started-at="2021-07-26T12:01:34 IST" name="sum" finished-at="2021-07-26T12:01:34 IST" duration-ms="1" status="PASS">
          <reporter-output>
          </reporter-output>
        </test-method> <!-- sum -->
        <test-method signature="sum()[pri:0, instance:com.test.InvocationCountTest@1c93084c]" started-at="2021-07-26T12:01:34 IST" name="sum" finished-at="2021-07-26T12:01:34 IST" duration-ms="3" status="PASS">
          <reporter-output>
          </reporter-output>
        </test-method> <!-- sum -->
        <test-method signature="sum()[pri:0, instance:com.test.InvocationCountTest@1c93084c]" started-at="2021-07-26T12:01:34 IST" name="sum" finished-at="2021-07-26T12:01:34 IST" duration-ms="0" status="PASS">
          <reporter-output>
          </reporter-output>
        </test-method> <!-- sum -->
        <test-method signature="sum()[pri:0, instance:com.test.InvocationCountTest@1c93084c]" started-at="2021-07-26T12:01:34 IST" name="sum" finished-at="2021-07-26T12:01:34 IST" duration-ms="1" status="PASS">
          <reporter-output>
          </reporter-output>
        </test-method> <!-- sum -->
        <test-method signature="sum()[pri:0, instance:com.test.InvocationCountTest@1c93084c]" started-at="2021-07-26T12:01:34 IST" name="sum" finished-at="2021-07-26T12:01:34 IST" duration-ms="1" status="PASS">
          <reporter-output>
          </reporter-output>
        </test-method> <!-- sum -->
        <test-method signature="sum()[pri:0, instance:com.test.InvocationCountTest@1c93084c]" started-at="2021-07-26T12:01:34 IST" name="sum" finished-at="2021-07-26T12:01:34 IST" duration-ms="1" status="PASS">
          <reporter-output>
          </reporter-output>
        </test-method> <!-- sum -->
        <test-method signature="sum()[pri:0, instance:com.test.InvocationCountTest@1c93084c]" started-at="2021-07-26T12:01:34 IST" name="sum" finished-at="2021-07-26T12:01:34 IST" duration-ms="0" status="PASS">
          <reporter-output>
          </reporter-output>
        </test-method> <!-- sum -->
        <test-method signature="sum()[pri:0, instance:com.test.InvocationCountTest@1c93084c]" started-at="2021-07-26T12:01:34 IST" name="sum" finished-at="2021-07-26T12:01:34 IST" duration-ms="1" status="PASS">
          <reporter-output>
          </reporter-output>
        </test-method> <!-- sum -->
        <test-method signature="sum()[pri:0, instance:com.test.InvocationCountTest@1c93084c]" started-at="2021-07-26T12:01:34 IST" name="sum" finished-at="2021-07-26T12:01:34 IST" duration-ms="1" status="PASS">
          <reporter-output>
          </reporter-output>
        </test-method> <!-- sum -->
        <test-method signature="sum()[pri:0, instance:com.test.InvocationCountTest@1c93084c]" started-at="2021-07-26T12:01:34 IST" name="sum" finished-at="2021-07-26T12:01:34 IST" duration-ms="0" status="PASS">
          <reporter-output>
          </reporter-output>
        </test-method> <!-- sum -->
        <test-method signature="sum()[pri:0, instance:com.test.InvocationCountTest@1c93084c]" started-at="2021-07-26T12:01:34 IST" name="sum" finished-at="2021-07-26T12:01:34 IST" duration-ms="1" status="PASS">
          <reporter-output>
          </reporter-output>
        </test-method> <!-- sum -->
        <test-method signature="sum()[pri:0, instance:com.test.InvocationCountTest@1c93084c]" started-at="2021-07-26T12:01:34 IST" name="sum" finished-at="2021-07-26T12:01:34 IST" duration-ms="0" status="PASS">
          <reporter-output>
          </reporter-output>
        </test-method> <!-- sum -->
        <test-method signature="sum()[pri:0, instance:com.test.InvocationCountTest@1c93084c]" started-at="2021-07-26T12:01:34 IST" name="sum" finished-at="2021-07-26T12:01:34 IST" duration-ms="2" status="PASS">
          <reporter-output>
          </reporter-output>
        </test-method> <!-- sum -->
        <test-method signature="sum()[pri:0, instance:com.test.InvocationCountTest@1c93084c]" started-at="2021-07-26T12:01:34 IST" name="sum" finished-at="2021-07-26T12:01:34 IST" duration-ms="1" status="PASS">
          <reporter-output>
          </reporter-output>
        </test-method> <!-- sum -->
        <test-method signature="sum()[pri:0, instance:com.test.InvocationCountTest@1c93084c]" started-at="2021-07-26T12:01:34 IST" name="sum" finished-at="2021-07-26T12:01:34 IST" duration-ms="1" status="PASS">
          <reporter-output>
          </reporter-output>
        </test-method> <!-- sum -->
        <test-method signature="sum()[pri:0, instance:com.test.InvocationCountTest@1c93084c]" started-at="2021-07-26T12:01:34 IST" name="sum" finished-at="2021-07-26T12:01:34 IST" duration-ms="1" status="PASS">
          <reporter-output>
          </reporter-output>
        </test-method> <!-- sum -->
        <test-method signature="sum()[pri:0, instance:com.test.InvocationCountTest@1c93084c]" started-at="2021-07-26T12:01:34 IST" name="sum" finished-at="2021-07-26T12:01:34 IST" duration-ms="1" status="PASS">
          <reporter-output>
          </reporter-output>
        </test-method> <!-- sum -->
        <test-method signature="sum()[pri:0, instance:com.test.InvocationCountTest@1c93084c]" started-at="2021-07-26T12:01:34 IST" name="sum" finished-at="2021-07-26T12:01:34 IST" duration-ms="0" status="PASS">
          <reporter-output>
          </reporter-output>
        </test-method> <!-- sum -->
        <test-method signature="sum()[pri:0, instance:com.test.InvocationCountTest@1c93084c]" started-at="2021-07-26T12:01:34 IST" name="sum" finished-at="2021-07-26T12:01:34 IST" duration-ms="1" status="PASS">
          <reporter-output>
          </reporter-output>
        </test-method> <!-- sum -->
        <test-method signature="sum()[pri:0, instance:com.test.InvocationCountTest@1c93084c]" started-at="2021-07-26T12:01:34 IST" name="sum" finished-at="2021-07-26T12:01:34 IST" duration-ms="1" status="PASS">
          <reporter-output>
          </reporter-output>
        </test-method> <!-- sum -->
        <test-method signature="sum()[pri:0, instance:com.test.InvocationCountTest@1c93084c]" started-at="2021-07-26T12:01:34 IST" name="sum" finished-at="2021-07-26T12:01:34 IST" duration-ms="1" status="PASS">
          <reporter-output>
          </reporter-output>
        </test-method> <!-- sum -->
        <test-method signature="sum()[pri:0, instance:com.test.InvocationCountTest@1c93084c]" started-at="2021-07-26T12:01:34 IST" name="sum" finished-at="2021-07-26T12:01:34 IST" duration-ms="0" status="PASS">
          <reporter-output>
          </reporter-output>
        </test-method> <!-- sum -->
        <test-method signature="sum()[pri:0, instance:com.test.InvocationCountTest@1c93084c]" started-at="2021-07-26T12:01:34 IST" name="sum" finished-at="2021-07-26T12:01:34 IST" duration-ms="0" status="PASS">
          <reporter-output>
          </reporter-output>
        </test-method> <!-- sum -->
        <test-method signature="sum()[pri:0, instance:com.test.InvocationCountTest@1c93084c]" started-at="2021-07-26T12:01:34 IST" name="sum" finished-at="2021-07-26T12:01:34 IST" duration-ms="0" status="PASS">
          <reporter-output>
          </reporter-output>
        </test-method> <!-- sum -->
        <test-method signature="sum()[pri:0, instance:com.test.InvocationCountTest@1c93084c]" started-at="2021-07-26T12:01:34 IST" name="sum" finished-at="2021-07-26T12:01:34 IST" duration-ms="1" status="PASS">
          <reporter-output>
          </reporter-output>
        </test-method> <!-- sum -->
        <test-method signature="sum()[pri:0, instance:com.test.InvocationCountTest@1c93084c]" started-at="2021-07-26T12:01:34 IST" name="sum" finished-at="2021-07-26T12:01:34 IST" duration-ms="1" status="PASS">
          <reporter-output>
          </reporter-output>
        </test-method> <!-- sum -->
        <test-method signature="sum()[pri:0, instance:com.test.InvocationCountTest@1c93084c]" started-at="2021-07-26T12:01:34 IST" name="sum" finished-at="2021-07-26T12:01:34 IST" duration-ms="1" status="PASS">
          <reporter-output>
          </reporter-output>
        </test-method> <!-- sum -->
        <test-method signature="sum()[pri:0, instance:com.test.InvocationCountTest@1c93084c]" started-at="2021-07-26T12:01:34 IST" name="sum" finished-at="2021-07-26T12:01:34 IST" duration-ms="3" status="PASS">
          <reporter-output>
          </reporter-output>
        </test-method> <!-- sum -->
        <test-method signature="sum()[pri:0, instance:com.test.InvocationCountTest@1c93084c]" started-at="2021-07-26T12:01:34 IST" name="sum" finished-at="2021-07-26T12:01:34 IST" duration-ms="1" status="PASS">
          <reporter-output>
          </reporter-output>
        </test-method> <!-- sum -->
        <test-method signature="sum()[pri:0, instance:com.test.InvocationCountTest@1c93084c]" started-at="2021-07-26T12:01:34 IST" name="sum" finished-at="2021-07-26T12:01:34 IST" duration-ms="1" status="PASS">
          <reporter-output>
          </reporter-output>
        </test-method> <!-- sum -->
        <test-method signature="sum()[pri:0, instance:com.test.InvocationCountTest@1c93084c]" started-at="2021-07-26T12:01:34 IST" name="sum" finished-at="2021-07-26T12:01:34 IST" duration-ms="1" status="PASS">
          <reporter-output>
          </reporter-output>
        </test-method> <!-- sum -->
        <test-method signature="sum()[pri:0, instance:com.test.InvocationCountTest@1c93084c]" started-at="2021-07-26T12:01:34 IST" name="sum" finished-at="2021-07-26T12:01:34 IST" duration-ms="1" status="PASS">
          <reporter-output>
          </reporter-output>
        </test-method> <!-- sum -->
        <test-method signature="sum()[pri:0, instance:com.test.InvocationCountTest@1c93084c]" started-at="2021-07-26T12:01:34 IST" name="sum" finished-at="2021-07-26T12:01:34 IST" duration-ms="1" status="PASS">
          <reporter-output>
          </reporter-output>
        </test-method> <!-- sum -->
        <test-method signature="sum()[pri:0, instance:com.test.InvocationCountTest@1c93084c]" started-at="2021-07-26T12:01:34 IST" name="sum" finished-at="2021-07-26T12:01:34 IST" duration-ms="1" status="PASS">
          <reporter-output>
          </reporter-output>
        </test-method> <!-- sum -->
        <test-method signature="sum()[pri:0, instance:com.test.InvocationCountTest@1c93084c]" started-at="2021-07-26T12:01:34 IST" name="sum" finished-at="2021-07-26T12:01:34 IST" duration-ms="1" status="PASS">
          <reporter-output>
          </reporter-output>
        </test-method> <!-- sum -->
        <test-method signature="sum()[pri:0, instance:com.test.InvocationCountTest@1c93084c]" started-at="2021-07-26T12:01:34 IST" name="sum" finished-at="2021-07-26T12:01:34 IST" duration-ms="1" status="PASS">
          <reporter-output>
          </reporter-output>
        </test-method> <!-- sum -->
        <test-method signature="sum()[pri:0, instance:com.test.InvocationCountTest@1c93084c]" started-at="2021-07-26T12:01:34 IST" name="sum" finished-at="2021-07-26T12:01:34 IST" duration-ms="1" status="PASS">
          <reporter-output>
          </reporter-output>
        </test-method> <!-- sum -->
        <test-method signature="sum()[pri:0, instance:com.test.InvocationCountTest@1c93084c]" started-at="2021-07-26T12:01:34 IST" name="sum" finished-at="2021-07-26T12:01:34 IST" duration-ms="1" status="PASS">
          <reporter-output>
          </reporter-output>
        </test-method> <!-- sum -->
        <test-method signature="sum()[pri:0, instance:com.test.InvocationCountTest@1c93084c]" started-at="2021-07-26T12:01:34 IST" name="sum" finished-at="2021-07-26T12:01:34 IST" duration-ms="1" status="PASS">
          <reporter-output>
          </reporter-output>
        </test-method> <!-- sum -->
        <test-method signature="sum()[pri:0, instance:com.test.InvocationCountTest@1c93084c]" started-at="2021-07-26T12:01:34 IST" name="sum" finished-at="2021-07-26T12:01:34 IST" duration-ms="1" status="PASS">
          <reporter-output>
          </reporter-output>
        </test-method> <!-- sum -->
        <test-method signature="sum()[pri:0, instance:com.test.InvocationCountTest@1c93084c]" started-at="2021-07-26T12:01:34 IST" name="sum" finished-at="2021-07-26T12:01:34 IST" duration-ms="1" status="PASS">
          <reporter-output>
          </reporter-output>
        </test-method> <!-- sum -->
        <test-method signature="sum()[pri:0, instance:com.test.InvocationCountTest@1c93084c]" started-at="2021-07-26T12:01:34 IST" name="sum" finished-at="2021-07-26T12:01:34 IST" duration-ms="0" status="PASS">
          <reporter-output>
          </reporter-output>
        </test-method> <!-- sum -->
        <test-method signature="sum()[pri:0, instance:com.test.InvocationCountTest@1c93084c]" started-at="2021-07-26T12:01:34 IST" name="sum" finished-at="2021-07-26T12:01:34 IST" duration-ms="2" status="PASS">
          <reporter-output>
          </reporter-output>
        </test-method> <!-- sum -->
        <test-method signature="sum()[pri:0, instance:com.test.InvocationCountTest@1c93084c]" started-at="2021-07-26T12:01:34 IST" name="sum" finished-at="2021-07-26T12:01:34 IST" duration-ms="0" status="PASS">
          <reporter-output>
          </reporter-output>
        </test-method> <!-- sum -->
        <test-method signature="sum()[pri:0, instance:com.test.InvocationCountTest@1c93084c]" started-at="2021-07-26T12:01:34 IST" name="sum" finished-at="2021-07-26T12:01:34 IST" duration-ms="0" status="PASS">
          <reporter-output>
          </reporter-output>
        </test-method> <!-- sum -->
        <test-method signature="sum()[pri:0, instance:com.test.InvocationCountTest@1c93084c]" started-at="2021-07-26T12:01:34 IST" name="sum" finished-at="2021-07-26T12:01:34 IST" duration-ms="1" status="PASS">
          <reporter-output>
          </reporter-output>
        </test-method> <!-- sum -->
        <test-method signature="sum()[pri:0, instance:com.test.InvocationCountTest@1c93084c]" started-at="2021-07-26T12:01:34 IST" name="sum" finished-at="2021-07-26T12:01:34 IST" duration-ms="0" status="PASS">
          <reporter-output>
          </reporter-output>
        </test-method> <!-- sum -->
        <test-method signature="sum()[pri:0, instance:com.test.InvocationCountTest@1c93084c]" started-at="2021-07-26T12:01:34 IST" name="sum" finished-at="2021-07-26T12:01:34 IST" duration-ms="0" status="PASS">
          <reporter-output>
          </reporter-output>
        </test-method> <!-- sum -->
        <test-method signature="sum()[pri:0, instance:com.test.InvocationCountTest@1c93084c]" started-at="2021-07-26T12:01:34 IST" name="sum" finished-at="2021-07-26T12:01:34 IST" duration-ms="1" status="PASS">
          <reporter-output>
          </reporter-output>
        </test-method> <!-- sum -->
        <test-method signature="sum()[pri:0, instance:com.test.InvocationCountTest@1c93084c]" started-at="2021-07-26T12:01:34 IST" name="sum" finished-at="2021-07-26T12:01:34 IST" duration-ms="1" status="PASS">
          <reporter-output>
          </reporter-output>
        </test-method> <!-- sum -->
        <test-method signature="sum()[pri:0, instance:com.test.InvocationCountTest@1c93084c]" started-at="2021-07-26T12:01:34 IST" name="sum" finished-at="2021-07-26T12:01:34 IST" duration-ms="1" status="PASS">
          <reporter-output>
          </reporter-output>
        </test-method> <!-- sum -->
        <test-method signature="sum()[pri:0, instance:com.test.InvocationCountTest@1c93084c]" started-at="2021-07-26T12:01:34 IST" name="sum" finished-at="2021-07-26T12:01:34 IST" duration-ms="1" status="PASS">
          <reporter-output>
          </reporter-output>
        </test-method> <!-- sum -->
        <test-method signature="sum()[pri:0, instance:com.test.InvocationCountTest@1c93084c]" started-at="2021-07-26T12:01:34 IST" name="sum" finished-at="2021-07-26T12:01:34 IST" duration-ms="1" status="PASS">
          <reporter-output>
          </reporter-output>
        </test-method> <!-- sum -->
        <test-method signature="sum()[pri:0, instance:com.test.InvocationCountTest@1c93084c]" started-at="2021-07-26T12:01:34 IST" name="sum" finished-at="2021-07-26T12:01:34 IST" duration-ms="0" status="PASS">
          <reporter-output>
          </reporter-output>
        </test-method> <!-- sum -->
      </class> <!-- com.test.InvocationCountTest -->
      <class name="com.test.ExceptionsTimeOutTest">
        <test-method signature="numberFormat()[pri:0, instance:com.test.ExceptionsTimeOutTest@419c5f1a]" started-at="2021-07-26T12:01:12 IST" name="numberFormat" finished-at="2021-07-26T12:01:12 IST" duration-ms="6" status="PASS">
          <exception class="java.lang.NumberFormatException">
            <message>
              <![CDATA[For input string: "1000AB"]]>
            </message>
            <full-stacktrace>
              <![CDATA[java.lang.NumberFormatException: For input string: "1000AB"
at java.base/java.lang.NumberFormatException.forInputString(NumberFormatException.java:67)
at java.base/java.lang.Integer.parseInt(Integer.java:660)
at java.base/java.lang.Integer.parseInt(Integer.java:778)
at com.test.ExceptionsTimeOutTest.numberFormat(ExceptionsTimeOutTest.java:18)
at java.base/jdk.internal.reflect.NativeMethodAccessorImpl.invoke0(Native Method)
at java.base/jdk.internal.reflect.NativeMethodAccessorImpl.invoke(NativeMethodAccessorImpl.java:78)
at java.base/jdk.internal.reflect.DelegatingMethodAccessorImpl.invoke(DelegatingMethodAccessorImpl.java:43)
at java.base/java.lang.reflect.Method.invoke(Method.java:567)
at org.testng.internal.MethodInvocationHelper.invokeMethod(MethodInvocationHelper.java:133)
at org.testng.internal.TestInvoker.invokeMethod(TestInvoker.java:598)
at org.testng.internal.TestInvoker.invokeTestMethod(TestInvoker.java:173)
at org.testng.internal.MethodRunner.runInSequence(MethodRunner.java:46)
at org.testng.internal.TestInvoker$MethodInvocationAgent.invoke(TestInvoker.java:824)
at org.testng.internal.TestInvoker.invokeTestMethods(TestInvoker.java:146)
at org.testng.internal.TestMethodWorker.invokeTestMethods(TestMethodWorker.java:146)
at org.testng.internal.TestMethodWorker.run(TestMethodWorker.java:128)
at java.base/java.util.ArrayList.forEach(ArrayList.java:1511)
at org.testng.TestRunner.privateRun(TestRunner.java:794)
at org.testng.TestRunner.run(TestRunner.java:596)
at org.testng.SuiteRunner.runTest(SuiteRunner.java:377)
at org.testng.SuiteRunner.runSequentially(SuiteRunner.java:371)
at org.testng.SuiteRunner.privateRun(SuiteRunner.java:332)
at org.testng.SuiteRunner.run(SuiteRunner.java:276)
at org.testng.SuiteRunnerWorker.runSuite(SuiteRunnerWorker.java:53)
at org.testng.SuiteRunnerWorker.run(SuiteRunnerWorker.java:96)
at org.testng.TestNG.runSuitesSequentially(TestNG.java:1212)
at org.testng.TestNG.runSuitesLocally(TestNG.java:1134)
at org.testng.TestNG.runSuites(TestNG.java:1063)
at org.testng.TestNG.run(TestNG.java:1031)
at org.testng.remote.AbstractRemoteTestNG.run(AbstractRemoteTestNG.java:115)
at org.testng.remote.RemoteTestNG.initAndRun(RemoteTestNG.java:251)
at org.testng.remote.RemoteTestNG.main(RemoteTestNG.java:77)
]]>
            </full-stacktrace>
          </exception> <!-- java.lang.NumberFormatException -->
          <reporter-output>
          </reporter-output>
        </test-method> <!-- numberFormat -->
      </class> <!-- com.test.ExceptionsTimeOutTest -->
    </test> <!-- Testng features test -->
  </suite> <!-- Test automation suite for google -->
</testng-results>
